+++ dirname /home/rory/Desktop/DemoVid/script.sh
++ cd /home/rory/Desktop/DemoVid
++ pwd
+ PROJECT_DIR=/home/rory/Desktop/DemoVid
++ /home/rory/Desktop/DemoVid/.venv/bin/python src/example.py
/home/rory/Desktop/DemoVid/.venv/bin/python: can't open file '/home/rory/src/example.py': [Errno 2] No such file or directory
+ OUTPUT_RES=
++ date +%Y-%m-%d_%H-%M-%S
+ TIME=2026-03-12_00-00-01
+ echo -e '2026-03-12_00-00-01\n'
+++ dirname /home/rory/Desktop/DemoVid/script.sh
++ cd /home/rory/Desktop/DemoVid
++ pwd
+ PROJECT_DIR=/home/rory/Desktop/DemoVid
++ /home/rory/Desktop/DemoVid/.venv/bin/python /home/rory/Desktop/DemoVid/src/example.py
+ OUTPUT_RES='No new documents
No updated locations'
++ date +%Y-%m-%d_%H-%M-%S
+ TIME=2026-03-12_00-13-03
+ echo -e '2026-03-12_00-13-03\nNo new documents
No updated locations'
